On this day, we started drawing the computer version of our mockups idea.

Tasks
	- Create the mockups from the idea found in the brainstorming

Technical tools:
	moqups.com

Documentation read:
	/

Relational contacts:
	Coworker

Realization & results:
	- Half of the mockups are fully designed
	- One is partially designed

Difficulties:
	- Getting familiar with the software was pretty tricky

Initiatives & decisions:
	- Mockup related choices are completely free

Gain & satisfying achievement:
	- Easily make different kind of mockups

Other:
	/
