On this day, we finished the drawing of the computer version of our mockups idea.

Tasks
	- Finalize the different mockups
	- Create the other half of the mockups

Technical tools:
	moqups.com

Documentation read:
	/

Relational contacts:
	Coworker

Realization & results:
	- All the mockups are fully designed
	- All the concepts have titles

Difficulties:
	- We have to review some elemenets which looked strange on the computer version of the mockups

Initiatives & decisions:
	- Mockup related choices are completely free

Gain & satisfying achievement:
	- All the mockups were made in time.

Other:
	/
