Before the meeting with the internship advisor set on the following day, we have to read some documentation about Games, libGDX, and Design Patterns.

Tasks:
	Reading, understanding and figuring out documentation about libGDX and Design Patterns

Technical tools:
	/

Documentation read:
	- Head First - Design Pattern
	- LibGdx Documentation

Relational contacts:
	Other interns from the IUT of Bordeaux

Realization & results:
	- First contact with DP
	- New reading of libGDX doc

Difficulties:
	Can't compile libGDX examples codes due to some android software incompatibility

Initiatives & decisions:
	/

Gain & satisfying achievement:
	New knowledge on libGDX and DP

Other:
	/
