We have to brainstorm in order to find ideas to realize 5 different mockups of games

Tasks:
	Making 5 different mockups from idea of games we have to find

Technical tools:
	- Mindmap tool
	- White board

Documentation read:
	- Designing Games

Relational contacts:
	Other interns from the IUT of Bordeaux

Realization & results:
	- One complete idea - left mockup to do
	- One near complete idea - left some details to polish
	- One beginning idea

Difficulties:
	Bad choice of tools that make us waste time

Initiatives & decisions:
	Complete free choices in idea and working method

Gain & satisfying achievement:
	- One complete idea
	- New brainstoming method
	- Improvement in group communication

Other:
	/
