We have three days to finalize our idea prior to the meeting with the internship advisor on the next wednesday.

Tasks:
	- Brainstorming to find the lasts idea
	- Finalize the other ones

Technical tools:
	/

Documentation read:
	/

Relational contacts:
	Other interns from the IUT of Bordeaux

Realization & results:
	- End of brainstorming
	- End of game idea definition for the 5 projects

Difficulties:
	- Find different game concepts

Initiatives & decisions:
	- Choices in subject and style are completely free

Gain & satisfying achievement:
	- Efficient brainstorming
	- Easily find good ideas that please all of us

Other:
	/
